C51 COMPILER V9.01   DELAY                                                                 06/26/2015 09:26:01 PAGE 1   


C51 COMPILER V9.01, COMPILATION OF MODULE DELAY
OBJECT MODULE PLACED IN DELAY.OBJ
COMPILER INVOKED BY: C:\Keil\C51\BIN\C51.EXE DELAY.C OPTIMIZE(6,SPEED) BROWSE DEBUG OBJECTEXTEND

line level    source

   1          #include"DELAY.H"
   2          #include "intrins.h"
   3          void Delay1(unsigned long ms)//简单延迟函数，单位是毫秒
   4          {
   5   1              unsigned char i, j,k;
   6   1              for(k=0;k<ms;k++)
   7   1              {
   8   2                      _nop_();
   9   2                      _nop_();
  10   2                      i = 22;
  11   2                      j = 128;
  12   2                      do
  13   2                      {
  14   3                              while (--j);
  15   3                      } while (--i);
  16   2              }
  17   1      }
  18          
  19          void Delay2(unsigned long cnt)
  20          {
  21   1              long i;
  22   1              for(i=0;i<cnt*100;i++);
  23   1      }


MODULE INFORMATION:   STATIC OVERLAYABLE
   CODE SIZE        =    122    ----
   CONSTANT SIZE    =   ----    ----
   XDATA SIZE       =   ----    ----
   PDATA SIZE       =   ----    ----
   DATA SIZE        =   ----      13
   IDATA SIZE       =   ----    ----
   BIT SIZE         =   ----    ----
END OF MODULE INFORMATION.


C51 COMPILATION COMPLETE.  0 WARNING(S),  0 ERROR(S)
