C51 COMPILER V9.01   EPROM                                                                 06/24/2015 11:40:24 PAGE 1   


C51 COMPILER V9.01, COMPILATION OF MODULE EPROM
OBJECT MODULE PLACED IN EPROM.OBJ
COMPILER INVOKED BY: C:\Keil\C51\BIN\C51.EXE EPROM.C COMPACT OPTIMIZE(6,SPEED) BROWSE DEBUG OBJECTEXTEND

line level    source

   1          #define __EPROM.C_                                                               
   2          #include"EPROM.H"
   3          #include "STC15Fxxxx.H"
   4          void IapIdle()
   5          {
   6   1        IAP_CONTR=0;
   7   1        IAP_CMD=0;
   8   1        IAP_TRIG=0;
   9   1        IAP_ADDRH=0X80;
  10   1        IAP_ADDRL=0;
  11   1      }
  12          
  13          BYTE IapReadByte(WORD addr)
  14          {
  15   1         BYTE dat;
  16   1         IAP_CONTR=ENABLE_IAP;
  17   1         IAP_CMD=CMD_READ;
  18   1         IAP_ADDRL=addr;
  19   1         IAP_ADDRH=addr>>8;
  20   1         IAP_TRIG=0x5a;
  21   1         IAP_TRIG=0xa5;
  22   1         _nop_();
  23   1         dat=IAP_DATA;
  24   1         IapIdle();
  25   1         return dat;
  26   1      }
  27          
  28          
  29          
  30          void IapEraseSector(WORD addr)
  31          {
  32   1        IAP_CONTR=ENABLE_IAP;
  33   1        IAP_CMD=CMD_ERASE;
  34   1        IAP_ADDRL=addr;
  35   1        IAP_ADDRH=addr>>8;
  36   1        IAP_TRIG=0x5a;
  37   1        IAP_TRIG=0xa5;
  38   1        _nop_();
  39   1        IapIdle();
  40   1      }


MODULE INFORMATION:   STATIC OVERLAYABLE
   CODE SIZE        =     59    ----
   CONSTANT SIZE    =   ----    ----
   XDATA SIZE       =   ----    ----
   PDATA SIZE       =   ----    ----
   DATA SIZE        =   ----    ----
   IDATA SIZE       =   ----    ----
   BIT SIZE         =   ----    ----
END OF MODULE INFORMATION.


C51 COMPILATION COMPLETE.  0 WARNING(S),  0 ERROR(S)
